<?xml version="1.0" encoding="UTF-8"?>
<testsuite name="HA1.AppTest" tests="1" skipped="0" failures="0" errors="0" timestamp="2020-10-20T11:38:28" hostname="Juans-MBP.fritz.box" time="0.018">
  <properties/>
  <testcase name="appHasAGreeting()" classname="HA1.AppTest" time="0.018"/>
  <system-out><![CDATA[]]></system-out>
  <system-err><![CDATA[]]></system-err>
</testsuite>
